0 info it worked if it ends with ok
1 verbose cli [ '/home/bgolyoo/.nvm/versions/node/v7.5.0/bin/node',
1 verbose cli   '/home/bgolyoo/.nvm/versions/node/v7.5.0/bin/npm',
1 verbose cli   'start' ]
2 info using npm@4.1.2
3 info using node@v7.5.0
4 verbose run-script [ 'prestart', 'start', 'poststart' ]
5 info lifecycle select2-demo@1.0.0~prestart: select2-demo@1.0.0
6 silly lifecycle select2-demo@1.0.0~prestart: no script for prestart, continuing
7 info lifecycle select2-demo@1.0.0~start: select2-demo@1.0.0
8 verbose lifecycle select2-demo@1.0.0~start: unsafe-perm in lifecycle true
9 verbose lifecycle select2-demo@1.0.0~start: PATH: /home/bgolyoo/.nvm/versions/node/v7.5.0/lib/node_modules/npm/bin/node-gyp-bin:/home/bgolyoo/work/hub-repo/select2-demo/node_modules/.bin:/home/bgolyoo/Android/Sdk/tools:/home/bgolyoo/Android/Sdk/platform-tools:/home/bgolyoo/.nvm/versions/node/v7.5.0/bin:/home/bgolyoo/Android/Sdk/tools:/home/bgolyoo/Android/Sdk/platform-tools:/home/bgolyoo/bin:/home/bgolyoo/.local/bin:/usr/local/sbin:/usr/local/bin:/usr/sbin:/usr/bin:/sbin:/bin:/usr/games:/usr/local/games:/snap/bin:/usr/local/java/jdk1.8.0_121/bin
10 verbose lifecycle select2-demo@1.0.0~start: CWD: /home/bgolyoo/work/hub-repo/select2-demo
11 silly lifecycle select2-demo@1.0.0~start: Args: [ '-c', 'node index.html' ]
12 silly lifecycle select2-demo@1.0.0~start: Returned: code: 1  signal: null
13 info lifecycle select2-demo@1.0.0~start: Failed to exec start script
14 verbose stack Error: select2-demo@1.0.0 start: `node index.html`
14 verbose stack Exit status 1
14 verbose stack     at EventEmitter.<anonymous> (/home/bgolyoo/.nvm/versions/node/v7.5.0/lib/node_modules/npm/lib/utils/lifecycle.js:279:16)
14 verbose stack     at emitTwo (events.js:106:13)
14 verbose stack     at EventEmitter.emit (events.js:192:7)
14 verbose stack     at ChildProcess.<anonymous> (/home/bgolyoo/.nvm/versions/node/v7.5.0/lib/node_modules/npm/lib/utils/spawn.js:40:14)
14 verbose stack     at emitTwo (events.js:106:13)
14 verbose stack     at ChildProcess.emit (events.js:192:7)
14 verbose stack     at maybeClose (internal/child_process.js:890:16)
14 verbose stack     at Process.ChildProcess._handle.onexit (internal/child_process.js:226:5)
15 verbose pkgid select2-demo@1.0.0
16 verbose cwd /home/bgolyoo/work/hub-repo/select2-demo
17 error Linux 4.4.0-96-generic
18 error argv "/home/bgolyoo/.nvm/versions/node/v7.5.0/bin/node" "/home/bgolyoo/.nvm/versions/node/v7.5.0/bin/npm" "start"
19 error node v7.5.0
20 error npm  v4.1.2
21 error code ELIFECYCLE
22 error select2-demo@1.0.0 start: `node index.html`
22 error Exit status 1
23 error Failed at the select2-demo@1.0.0 start script 'node index.html'.
23 error Make sure you have the latest version of node.js and npm installed.
23 error If you do, this is most likely a problem with the select2-demo package,
23 error not with npm itself.
23 error Tell the author that this fails on your system:
23 error     node index.html
23 error You can get information on how to open an issue for this project with:
23 error     npm bugs select2-demo
23 error Or if that isn't available, you can get their info via:
23 error     npm owner ls select2-demo
23 error There is likely additional logging output above.
24 verbose exit [ 1, true ]
